<?xml version="1.0" encoding="UTF-8" ?>
<testsuite tests="4" failures="0" name="up.RunCucumberTest" time="0.157" errors="0" skipped="0">
  <properties>
[...]
</properties>
  <testcase classname="Is it Friday yet?" name="Today is or is not Friday" time="0.147"/>
  <testcase classname="Is it Friday yet?" name="Today is or is not Friday" time="0.003"/>
  <testcase classname="Is it Friday yet?" name="Today is or is not Friday" time="0.003"/>
  <testcase classname="Is it Friday yet?" name="Today is or is not Friday" time="0.004"/>
</testsuite>